<?xml version="1.0" encoding="UTF-8"?>
<testng-results ignored="0" total="1" passed="1" failed="0" skipped="0">
  <reporter-output>
  </reporter-output>
  <suite started-at="2024-11-06T19:21:37Z" name="Default suite" finished-at="2024-11-06T19:21:40Z" duration-ms="3081">
    <groups>
    </groups>
    <test started-at="2024-11-06T19:21:37Z" name="Default test" finished-at="2024-11-06T19:21:40Z" duration-ms="3081">
      <class name="Rest_Api.FirstAPIDemo">
        <test-method signature="firstDemoForAPI()[pri:0, instance:Rest_Api.FirstAPIDemo@4b213651]" started-at="2024-11-06T19:21:37Z" name="firstDemoForAPI" finished-at="2024-11-06T19:21:40Z" duration-ms="3032" status="PASS">
          <reporter-output>
          </reporter-output>
        </test-method> <!-- firstDemoForAPI -->
      </class> <!-- Rest_Api.FirstAPIDemo -->
    </test> <!-- Default test -->
  </suite> <!-- Default suite -->
</testng-results>
